<?xml version="1.0" encoding="UTF-8"?>
<!-- Generated by org.testng.reporters.JUnitReportReporter -->
<testsuite hostname="EC2AMAZ-S11DBRH" failures="0" tests="1" name="testScripts.createUser" time="7.348" errors="0" timestamp="2023-08-21T07:32:59 GMT" skipped="0">
  <testcase classname="testScripts.createUser" name="validLogin" time="7.348"/>
  <system-out/>
</testsuite> <!-- testScripts.createUser -->
