<?xml version="1.0" encoding="UTF-8"?>
<!-- Generated by org.testng.reporters.JUnitReportReporter -->
<testsuite hostname="EC2AMAZ-S11DBRH" failures="0" tests="1" name="testScripts.SampleTest1" time="7.049" errors="0" timestamp="2023-08-19T01:55:30 GMT" skipped="0">
  <testcase classname="testScripts.SampleTest1" name="searchCypress" time="7.049"/>
  <system-out/>
</testsuite> <!-- testScripts.SampleTest1 -->
