<?xml version="1.0" encoding="UTF-8"?>
<!-- Generated by org.testng.reporters.JUnitReportReporter -->
<testsuite hostname="EC2AMAZ-S11DBRH" failures="0" tests="2" name="testScripts.GoogleSearch" time="17.000" errors="0" timestamp="2023-08-18T15:25:40 GMT" skipped="0">
  <testcase classname="testScripts.GoogleSearch" name="searchSelenium" time="9.283"/>
  <system-out/>
  <testcase classname="testScripts.GoogleSearch" name="searchJava" time="7.717"/>
  <system-out/>
</testsuite> <!-- testScripts.GoogleSearch -->
