<?xml version="1.0" encoding="UTF-8"?>
<!-- Generated by org.testng.reporters.JUnitReportReporter -->
<testsuite hostname="EC2AMAZ-S11DBRH" failures="0" tests="2" name="testScripts.SampleTest3" time="0.021" errors="0" timestamp="2023-08-19T03:33:54 GMT" skipped="0">
  <testcase classname="testScripts.SampleTest3" name="testOne" time="0.017"/>
  <system-out/>
  <testcase classname="testScripts.SampleTest3" name="testThree" time="0.004"/>
  <system-out/>
</testsuite> <!-- testScripts.SampleTest3 -->
