<?xml version="1.0" encoding="UTF-8"?>
<!-- Generated by org.testng.reporters.JUnitReportReporter -->
<testsuite hostname="EC2AMAZ-S11DBRH" failures="0" tests="7" name="parallelScripts.SampleTest2" time="0.068" errors="0" timestamp="2023-08-20T05:25:21 GMT" skipped="0">
  <testcase classname="parallelScripts.SampleTest2" name="testFour" time="0.017"/>
  <system-out/>
  <testcase classname="parallelScripts.SampleTest2" name="testFour" time="0.007"/>
  <system-out/>
  <testcase classname="parallelScripts.SampleTest2" name="testFour" time="0.017"/>
  <system-out/>
  <testcase classname="parallelScripts.SampleTest2" name="testFour" time="0.017"/>
  <system-out/>
  <testcase classname="parallelScripts.SampleTest2" name="testThree" time="0.004"/>
  <system-out/>
  <testcase classname="parallelScripts.SampleTest2" name="testTwo" time="0.003"/>
  <system-out/>
  <testcase classname="parallelScripts.SampleTest2" name="testOne" time="0.003"/>
  <system-out/>
</testsuite> <!-- parallelScripts.SampleTest2 -->
