<?xml version="1.0" encoding="UTF-8"?>
<!-- Generated by org.testng.reporters.JUnitReportReporter -->
<testsuite hostname="EC2AMAZ-S11DBRH" failures="0" tests="4" name="parallelScripts.SampleTest3" time="0.016" errors="0" timestamp="2023-08-20T05:14:25 GMT" skipped="0">
  <testcase classname="parallelScripts.SampleTest3" name="testThree" time="0.005"/>
  <system-out/>
  <testcase classname="parallelScripts.SampleTest3" name="testFour" time="0.006"/>
  <system-out/>
  <testcase classname="parallelScripts.SampleTest3" name="testOne" time="0.002"/>
  <system-out/>
  <testcase classname="parallelScripts.SampleTest3" name="testTwo" time="0.003"/>
  <system-out/>
</testsuite> <!-- parallelScripts.SampleTest3 -->
